Removed Pin From Net: NetName=NetB1_0 Pin=B1-0
Removed Pin From Net: NetName=GND Pin=B1-1
Removed Pin From Net: NetName=VCC Pin=B2-0
Removed Pin From Net: NetName=NetB2_1 Pin=B2-1
Removed Pin From Net: NetName=VCC Pin=B3-0
Removed Pin From Net: NetName=VCC Pin=BT1-1
Removed Pin From Net: NetName=GND Pin=BT1-2
Removed Member From Class: ClassName=TX_FM Member=B1
Removed Member From Class: ClassName=TX_FM Member=B2
Removed Member From Class: ClassName=TX_FM Member=B3
Removed Member From Class: ClassName=TX_FM Member=BT1
Added Component: Designator=C15(C0805)
Added Component: Designator=C16(C0805)
Added Component: Designator=C17(C0805)
Added Component: Designator=Ind1(IND_7MM)
Added Component: Designator=Ind2(Ind_5mm)
Added Component: Designator=Ind3(Ind_5mm)
Added Component: Designator=P2(HDR1X2)
Added Component: Designator=P3(HDR1X2)
Added Component: Designator=R7(2012[0805])
Added Component: Designator=R8(2012[0805])
Added Pin To Net: NetName=VCC Pin=C15-1
Added Pin To Net: NetName=GND Pin=C15-2
Added Pin To Net: NetName=VCC Pin=C16-1
Added Pin To Net: NetName=GND Pin=C16-2
Added Pin To Net: NetName=VCC Pin=C17-1
Added Pin To Net: NetName=GND Pin=C17-2
Added Pin To Net: NetName=GND Pin=Ind1-1
Added Pin To Net: NetName=NetB1_0 Pin=Ind1-2
Added Pin To Net: NetName=NetB2_1 Pin=Ind2-1
Added Pin To Net: NetName=VCC Pin=Ind2-2
Added Pin To Net: NetName=VCC Pin=Ind3-2
Added Pin To Net: NetName=VCC Pin=P2-1
Added Pin To Net: NetName=GND Pin=P2-2
Added Pin To Net: NetName=GND Pin=P3-2
Added Pin To Net: NetName=NetC3_1 Pin=R7-1
Added Pin To Net: NetName=GND Pin=R7-2
Added Pin To Net: NetName=NetC3_1 Pin=R8-2
Change Net Name : Old Net Name=NetB1_0 New Net Name=NetC5_2
Change Net Name : Old Net Name=NetB2_1 New Net Name=NetC9_2
Added Pin To Net: NetName=NetC13_2 Pin=C13-2
Added Pin To Net: NetName=NetC13_2 Pin=Ind3-1
Added Pin To Net: NetName=NetC13_2 Pin=U1-9
Added Net: Name=NetC13_2
Added Pin To Net: NetName=NetP3_1 Pin=P3-1
Added Pin To Net: NetName=NetP3_1 Pin=R8-1
Added Net: Name=NetP3_1
Added Member To Class: ClassName=TX_FM Member=Component C15 Cap Pol3
Added Member To Class: ClassName=TX_FM Member=Component C16 Cap Pol3
Added Member To Class: ClassName=TX_FM Member=Component C17 Cap Pol3
Added Member To Class: ClassName=TX_FM Member=Component Ind1 Ind2
Added Member To Class: ClassName=TX_FM Member=Component Ind2
Added Member To Class: ClassName=TX_FM Member=Component Ind3 Ind2
Added Member To Class: ClassName=TX_FM Member=Component P2 Header 2
Added Member To Class: ClassName=TX_FM Member=Component P3 Header 2
Added Member To Class: ClassName=TX_FM Member=Component R7 Res Semi
Added Member To Class: ClassName=TX_FM Member=Component R8 Res Semi
